<?xml version="1.0" encoding="UTF-8"?>
<!-- Generated by org.testng.reporters.JUnitXMLReporter -->
<testsuite ignored="0" hostname="DESKTOP-6MCO3NS" failures="0" tests="4" name="Default test" time="24.831" errors="0" timestamp="2024-05-28T15:21:41 IST">
  <testcase classname="com.qa.opencart.tests.LoginPageTest" name="loginPageTitleTest" time="0.289"/>
  <testcase classname="com.qa.opencart.tests.LoginPageTest" name="loginPageUrlTest" time="0.065"/>
  <testcase classname="com.qa.opencart.tests.LoginPageTest" name="forgotpassLinkExistTest" time="0.211"/>
  <testcase classname="com.qa.opencart.tests.LoginPageTest" name="loginTest" time="4.605"/>
</testsuite> <!-- Default test -->
