<?xml version="1.0" encoding="UTF-8"?>
<testng-results ignored="0" total="4" passed="4" failed="0" skipped="0">
  <reporter-output>
  </reporter-output>
  <suite started-at="2024-05-28T15:21:16 IST" name="Default suite" finished-at="2024-05-28T15:21:41 IST" duration-ms="24831">
    <groups>
    </groups>
    <test started-at="2024-05-28T15:21:16 IST" name="Default test" finished-at="2024-05-28T15:21:41 IST" duration-ms="24831">
      <class name="com.qa.opencart.tests.LoginPageTest">
        <test-method is-config="true" signature="setUp()[pri:0, instance:com.qa.opencart.tests.LoginPageTest@d56aaa6]" started-at="2024-05-28T15:21:16 IST" name="setUp" finished-at="2024-05-28T15:21:34 IST" duration-ms="17820" status="PASS">
          <reporter-output>
          </reporter-output>
        </test-method> <!-- setUp -->
        <test-method signature="loginPageTitleTest()[pri:1, instance:com.qa.opencart.tests.LoginPageTest@d56aaa6]" started-at="2024-05-28T15:21:34 IST" name="loginPageTitleTest" finished-at="2024-05-28T15:21:34 IST" duration-ms="289" status="PASS">
          <reporter-output>
          </reporter-output>
        </test-method> <!-- loginPageTitleTest -->
        <test-method signature="loginPageUrlTest()[pri:2, instance:com.qa.opencart.tests.LoginPageTest@d56aaa6]" started-at="2024-05-28T15:21:34 IST" name="loginPageUrlTest" finished-at="2024-05-28T15:21:35 IST" duration-ms="65" status="PASS">
          <reporter-output>
          </reporter-output>
        </test-method> <!-- loginPageUrlTest -->
        <test-method signature="forgotpassLinkExistTest()[pri:3, instance:com.qa.opencart.tests.LoginPageTest@d56aaa6]" started-at="2024-05-28T15:21:35 IST" name="forgotpassLinkExistTest" finished-at="2024-05-28T15:21:35 IST" duration-ms="211" status="PASS">
          <reporter-output>
          </reporter-output>
        </test-method> <!-- forgotpassLinkExistTest -->
        <test-method signature="loginTest()[pri:4, instance:com.qa.opencart.tests.LoginPageTest@d56aaa6]" started-at="2024-05-28T15:21:35 IST" name="loginTest" finished-at="2024-05-28T15:21:39 IST" duration-ms="4605" status="PASS">
          <reporter-output>
          </reporter-output>
        </test-method> <!-- loginTest -->
        <test-method is-config="true" signature="tearDown()[pri:0, instance:com.qa.opencart.tests.LoginPageTest@d56aaa6]" started-at="2024-05-28T15:21:39 IST" name="tearDown" finished-at="2024-05-28T15:21:41 IST" duration-ms="1328" status="PASS">
          <reporter-output>
          </reporter-output>
        </test-method> <!-- tearDown -->
      </class> <!-- com.qa.opencart.tests.LoginPageTest -->
    </test> <!-- Default test -->
  </suite> <!-- Default suite -->
</testng-results>
